-1.177736338885078393e-01
-7.166742421346361525e-02
1.355128289888870852e-01
-9.560017597261472044e-02
-1.243840757382587425e-01
3.387917653398386797e-01
5.783820482958600129e-02
1.320274356626013612e-01
2.806489283788805578e-01
-1.524582710327224838e-02
2.452531044011350969e-03
8.726214043651356334e-02
-1.729402871235567740e-01
2.815973419861854676e-01
-3.565988581681135416e-01
-2.611406760901367474e-01
-2.946271243720183577e-02
-9.304985197486435877e-02
2.620801343188868815e-01
-3.375139965172647694e-01
-2.584944285277853693e-01
1.004004561604803919e-01
-4.086736132455761478e-02
1.815144712061872098e-02
1.172893110005426287e-01
1.157865498772305407e-01
2.059738024353501701e-02
-1.415828306589892172e-01
-1.704013300071204398e-02
-1.161977004431707927e-01
8.363776616436048583e-02
-1.502608262273308348e-02
3.274721944648340544e-01
-3.478255410037128792e-02
1.827891319279484617e-01
3.280725600115080298e-01
-1.160843622294440436e-01
-6.160491798745018621e-03
-1.395824229474360856e-01
-3.726028813575309271e-03
3.698786259509510566e-01
-2.187084466500079372e-01
1.452411836149042901e-01
1.521742533432043076e-01
-1.033090561293551618e-01
8.668801824214805718e-02
-8.790775658635749390e-02
1.199934344684594340e-01
-3.549571726792698917e-02
-1.834410750097227941e-02
1.078298948845180655e-01
-3.509238303176424045e-01
-1.017962500763480993e-01
-4.628237745365219175e-02
-1.511001799432008241e-01
7.354026814369792053e-02
-1.207807389040212731e-01
1.174418832856318068e-01
-1.077918813882158267e-01
1.758272126091468129e-02
7.052714862085773502e-04
1.062663079087804718e-01
2.229977044220810348e-02
-2.815882759639795063e-01
7.346528120815884466e-02
1.747843848667537253e-02
2.107525915759825841e-01
-2.198643552593384787e-01
-3.291965002139166790e-02
-1.868313555269916770e-01
1.728616697942402802e-01
-1.387080711077622597e-01
1.363484135416133114e-01
3.676214946449733456e-01
2.075548316723076769e-01
9.934163766056724326e-03
-1.124340153154541715e-02
-4.037259081726374960e-02
5.490350688746031133e-02
-4.328903150194137774e-03
4.013744568998083712e-02
3.680990833820989017e-01
1.508658273851174736e-01
-1.440852573590913413e-02
8.914502641440794073e-02
7.468012403039141212e-02
-3.682857550172100730e-02
1.232646765990587368e-01
1.946609998967614441e-01
-2.818703810440129076e-01
1.304892142793007831e-02
-7.585423701335655688e-02
3.219261243395384747e-02
-2.287884198216330600e-01
3.310600603620671850e-02
-1.295553886469936467e-01
-3.011325877866891099e-01
5.959942662818815649e-03
-7.324114860472739907e-02
-2.459530722265295399e-01
8.337161669728072877e-02
1.217636267803419436e-01
2.936505838003862501e-02
-1.250487404747217535e-01
9.842803892668308685e-02
1.309840203719970786e-01
1.381552571675064012e-01
2.213376628298556470e-02
-2.276727862028795624e-01
-1.207386145624028961e-01
-2.227026348888180296e-01
8.594733990689583381e-02
-1.047636607090186439e-01
-3.305073772336056814e-01
-1.803212424138251058e-01
2.019105681021431675e-01
2.049252709490331226e-01
-2.321412707994164326e-01
1.005117386794381618e-01
4.522167292462063795e-03
6.889586503417012564e-02
-2.694263714723535430e-01
1.611833073675483230e-01
2.574212571521511395e-01
1.234432177113263668e-01
1.978151474547281408e-01
2.088530178602513165e-01
-7.649605012407068028e-02
-2.129933166353294993e-01
7.683485910565678034e-02
-8.465952495009407275e-02
-2.935245162284733783e-02
1.255678076192564274e-01
-3.131237969227618212e-02
2.365609750792349031e-01
2.303900012431411293e-01
1.868340476909355063e-01
-2.927077190659108652e-01
2.346742351051062103e-01
2.002217332269468075e-01
-2.975071478462407160e-02
-1.688053770917374297e-01
-2.463457028311684394e-01
-2.160808079034698959e-01
2.454538646089891307e-01
-1.803018682153121888e-01
1.063404743299200921e-02
1.157226185784908240e-01
-1.625021122894607095e-01
-3.607811032520942540e-02
-7.117997484143592790e-02
-4.141067790131287563e-01
1.729973189345522799e-01
-1.308005723717234059e-01
-7.773691022240095116e-02
-1.454200896149374436e-02
2.599438366099871001e-01
2.549668648374620039e-01
-1.370298276736422460e-01
2.945049403940638248e-03
-1.342237554212584449e-01
4.471047994945506754e-02
5.468045895861629868e-02
1.414723648678537504e-01
-2.270323855360460996e-01
-9.564915525867233662e-03
1.984600390011609650e-01
1.080858263570405736e-01
-6.030566161233813505e-02
1.164006581742685759e-01
5.015722016224447022e-02
1.433875391593690263e-01
-9.660848915732074549e-02
-8.292068699212352956e-02
-1.438542533388537624e-02
3.277237069965829863e-01
-2.827548069893745519e-01
1.272300445430910310e-01
-2.003832073577936912e-01
2.196791498184996749e-01
-1.496819059689040166e-01
-1.309603724622412368e-01
8.406963487953440783e-02
-1.123017497281296184e-01
-9.879648396949577971e-02
-4.868059221740849568e-02
-1.476570001229543516e-01
3.129403926382778311e-01
-3.495526950865002758e-01
2.666149465531508778e-01
2.869403880139465013e-01
2.617508262620483750e-01
9.528036215297290557e-02
-2.657194994885950790e-01
-1.864850377023316019e-01
-2.754975190316212852e-01
2.222748198421241675e-02
-3.992977883998612837e-02
-1.164970437825796623e-01
-2.539710936574383626e-01
-7.504401864032524128e-02
-2.114387185111957779e-01
1.028702487557537487e-01
2.708043598087044868e-01
-6.885511824309325200e-03
1.782921102070848252e-01
6.109124987672844009e-02
2.258770632186234695e-01
6.057652116384205920e-02
-1.226980695227485041e-01
1.585837902706599412e-01
-3.870402782963947574e-01
7.849114113483666999e-02
-9.483102061656560611e-02
1.292006944149121928e-01
-6.384551611676043958e-02
1.039589947230296907e-01
-2.423905258550523578e-01
-2.468183827910946926e-01
2.955354915818530007e-02
1.086213044816082690e-01
1.951948914220812126e-01
-1.386832870133404005e-01
-2.040150270008577946e-02
-2.458450294933708924e-01
2.399091339604583206e-01
1.731478598698405480e-01
2.959326336277490199e-01
1.127178594512477650e-01
2.069964754727331713e-01
8.802270923613379761e-02
-2.640936689881392962e-01
-1.470303868844998474e-01
-1.914403123277558794e-01
-9.205945366426905585e-02
1.375553799747712691e-01
-3.885198942116881854e-02
4.741548326100139543e-02
9.290653545037248773e-02
5.896885171396604869e-02
-5.106690800294043375e-02
-2.165336606859827873e-01
-1.160027205054768723e-01
-1.693905205897799082e-01
8.204715326883102455e-02
-2.114374775454128386e-01
-1.950444650755000231e-01
-1.186672171734253906e-01
4.499277538162220480e-02
-3.343165026603514556e-02
6.435395376239254339e-02
-1.548938436127222373e-01
2.180648769038801560e-01
-1.982446390782564571e-01
-8.234696304106182974e-02
-2.324657253659122846e-01
-1.807550982971512302e-02
-2.569521038701195748e-01
3.920572099494644414e-02
-5.168092317808754138e-02
2.485733186354658064e-01
-2.217921359192077391e-01
-2.607156705117564047e-02
-1.571163822778579022e-01
4.010530659127001241e-02
-4.116672498624084908e-01
1.877311791907229910e-01
-4.669276897570441565e-02
-2.382500031861790619e-03
-1.073798300570781156e-01
2.028447793644347907e-01
1.123635402521076527e-04
2.213560096455701731e-01
2.105360922752116948e-01
-2.184352993002104393e-01
5.476190146417741350e-02
-1.613478911681242578e-01
-7.061879798670675501e-02
-1.540060095625114811e-01
1.860932727237130102e-01
3.435244637823712810e-01
-1.544537178058397187e-01
1.916064301853753760e-01
-5.822785048378658485e-02
-1.990391463360327851e-01
-2.798307463195809364e-01
3.700093774245822448e-02
6.111810581134129866e-02
-1.378799325337157211e-01
-1.954322883049519066e-01
4.844143789538395833e-02
-2.787825404383560413e-01
-2.201201870684241918e-02
-4.133733725137625492e-02
2.991132869815808504e-01
-5.938631204733253732e-02
9.159789038075059897e-02
4.295200078716113201e-02
-8.746441171271971196e-03
7.795873684329177045e-02
