-2.031962469485735709e-02
-5.614551956516482950e-02
2.025312306804456439e-03
-8.922110962136136844e-03
-5.523410337778545537e-02
-2.135121729878194236e-02
-4.675815025593838686e-02
-3.458244574840211444e-02
-4.212102242520050083e-02
-1.635803693265109812e-02
3.710963822111544574e-02
8.211381451491393813e-02
-6.980972624219497491e-02
-7.553701830530414052e-02
-2.904287479792784163e-02
-5.151912680931720195e-02
-1.298626555083376988e-01
5.822665648790750770e-02
-2.019953818355574651e-02
-8.011474003712608372e-02
-2.878139007630950777e-02
9.130344540211696863e-03
3.874203651117950897e-02
-5.613988290622131533e-02
-1.539678528736847544e-03
-8.875989698708227488e-03
-1.034012429833686686e-01
-5.695582090850416501e-02
-2.752640752016815781e-03
-2.909439378998617681e-02
-4.925340393648915821e-02
2.634908624119570650e-02
1.471432111824657121e-03
1.046025086975192406e-02
1.762159528984417328e-02
4.937954137587333495e-03
3.815440851882327677e-02
8.862996828545902095e-02
-2.197813281220173387e-02
1.317452574644549686e-02
2.739604251126778051e-02
1.175475587202794575e-01
1.552582874096043860e-03
2.940770119572220023e-02
4.995360391261344929e-02
-1.283573952980339092e-02
5.341047378339919272e-02
5.293642556207437538e-02
-3.971605115622519472e-02
-5.287635037318733772e-02
-3.619106319668547594e-02
4.160851765611124110e-03
4.083293220710620952e-02
7.924283619899187558e-02
9.621604266903906189e-02
1.694027730257641196e-02
2.789159482912649535e-02
2.612328279596036126e-03
-7.589378232956919303e-03
4.284145081944004153e-03
6.373774386143266080e-02
1.028993607348359096e-01
4.522154695719850237e-03
4.519490446295713199e-03
-2.366884307012748559e-02
-2.388257671749278131e-03
3.582697087567687094e-02
9.252165198761805320e-03
5.902508811888763224e-02
-1.668172560428082471e-02
-1.581815498854811063e-03
-3.905179815238640079e-02
3.916624329720821453e-03
8.595911876957618852e-03
-4.551581071500259562e-03
-1.789454006618852039e-02
2.462901407204314344e-02
-1.154832736643188716e-02
-2.460725538952045210e-02
-1.418579122561339570e-02
-3.915510133334041548e-02
-2.251892379588085486e-03
-4.554674888078459605e-02
3.427237889526375120e-02
-2.420834902570336011e-02
-9.806356049962380167e-03
-9.062057587947276033e-03
-3.535709733171998881e-02
-1.003603906896649405e-02
-1.666129058736623772e-02
2.905250489066597483e-02
-2.504316023020908451e-03
1.556763996040012692e-02
-6.230721430673265109e-03
3.024467863326742514e-02
-2.560661083119851467e-02
-8.328594485610106568e-02
-3.665669696434410013e-02
-6.101130810127665394e-02
-2.771940625662142402e-03
1.574241281713362889e-02
8.415395114867113210e-03
5.524851865856824501e-03
4.020654783215513173e-02
-8.467504529488091222e-03
2.570041011041561407e-02
-7.113033148649061665e-02
1.926918438822970703e-02
-1.017623487207421212e-01
-1.644829393213662755e-02
6.216692073858375717e-02
3.552281257518492830e-02
7.749438708535934988e-04
-8.156763241787662322e-02
1.146025763173800019e-02
5.564474247399316814e-02
4.024378647870580777e-02
-3.144044941937730597e-02
-4.882177887968413427e-02
-9.184119390771152552e-03
-2.687528703148477777e-02
2.105638515467776403e-02
5.919137804815641224e-02
4.157161676104654396e-02
3.623941721270441257e-02
5.408240521317281280e-02
5.507628045589257199e-02
1.182631776766765591e-01
4.341474618307160360e-03
1.019201337918199529e-01
1.389376808440242854e-02
4.467029858578687451e-02
2.813741237736978526e-02
-5.984139850968583224e-03
-4.701084338164257526e-02
-2.567496480058965164e-02
-2.259551237989435371e-02
-7.786062215830898137e-02
5.141912059690754988e-02
4.539565947203075963e-02
8.085286251845341665e-02
-7.202881244561891438e-02
1.749910601405576041e-02
-3.446630611870471483e-02
1.933342764097966543e-03
1.618387175877593342e-02
3.055378081819670397e-02
-1.038441237251245750e-02
8.667248043203307217e-02
-3.948403998205687881e-02
-4.598525506475686919e-02
-8.553214370322573257e-02
3.812669172573567716e-02
1.777679602741132070e-02
-1.395604180973630988e-02
-8.035665759753639337e-03
-2.460548560173222293e-02
1.230766697563040468e-01
1.136520870368990486e-02
3.576679917936598230e-02
-8.512597143907818173e-03
1.531217876570812632e-02
-3.629165017449072217e-02
2.447842176704083383e-02
-5.220057446621376857e-02
-4.502997255205648530e-02
-1.728191010875656033e-02
3.879876133899583940e-02
-8.773060528984748252e-02
-3.773305246563225801e-02
5.861199356746998185e-02
7.038651244616094677e-03
-2.100060506527268427e-03
-3.426394924362743954e-02
-4.685556419332026490e-02
1.107580042839656498e-02
-3.221229276660545621e-02
-5.168639948963257152e-02
-3.850271530384991731e-02
-7.418063619715577379e-03
-9.564268987640817121e-03
2.087599199075624440e-02
1.366289691191949728e-02
1.316970608048172696e-02
-6.833359392064100590e-02
-9.096643802706756710e-02
2.670580795565772637e-03
7.408677486193408768e-02
-3.669360936798971278e-03
1.018246066986344678e-02
3.254840877165331159e-02
8.198564554271044191e-03
5.089661800203199027e-02
-7.352133919043815635e-02
-8.190777128237264337e-02
1.320573875768694255e-02
4.398897541280512302e-02
2.975462028873602366e-02
-5.782301199628665789e-02
-1.480103231983609553e-02
-3.362222712510772038e-02
5.434513985767790850e-02
3.370809395555245114e-02
-1.761786295763513935e-02
-6.857458055886109238e-02
-5.421492679669535908e-03
6.294215061837947489e-02
-6.805586552053220772e-02
-3.359247061821409031e-02
3.607436359154329863e-02
-1.071868868357141310e-03
1.155527271451959465e-01
3.006135236782778511e-02
-9.717214864531540167e-03
-3.312473228692933841e-02
-1.460915241585249852e-02
-1.694995091257478839e-02
6.103985754381301837e-02
-4.327613771631121098e-02
-1.216240782986361833e-04
-3.770782746128562707e-02
-7.651215118019794037e-02
-1.133630290309737242e-02
1.408299408042110006e-02
-1.568613112425359599e-02
7.220399791242916587e-02
1.143883944358180943e-01
9.619632735775593413e-02
-1.218427854186699896e-02
4.080032604883349068e-02
1.652837628245997295e-02
4.315355375259889020e-02
-3.319910293037887927e-02
-4.642225019788705220e-02
4.992041679761081638e-03
-2.524857810711674672e-02
7.005790400678600996e-03
8.976560223524490678e-02
1.750419264185386001e-02
6.966804584105834065e-03
1.971441998691549069e-02
6.432842133509630855e-02
-1.634865319086997032e-02
-4.644699424906420342e-03
-3.840941958138675838e-02
-9.148513418814860354e-02
1.429852195937447203e-02
-6.173988764819384606e-02
4.023163615801581688e-02
3.242496819505692046e-02
2.764936082465978620e-02
2.153809436440064663e-03
1.663422901379265142e-02
-3.914690813571737593e-02
1.086934774447615056e-02
-8.202274705133490726e-04
1.017225735510044887e-01
6.263866209523513869e-03
-2.045118221337163811e-02
4.909481683854836735e-03
-6.686420019215958029e-03
3.199881132233049069e-02
5.784799976813718991e-02
1.851113917278305113e-02
9.315699756059680342e-03
-1.269862203778754535e-02
-6.628659902525502190e-02
-1.522992210943816373e-03
-2.014544700741555810e-02
1.580410848206500671e-02
6.875244009884964348e-03
5.297021209983774487e-02
6.420881970858115240e-02
-2.832273513023627828e-02
-1.018521995440348493e-01
-9.008956268840526138e-02
2.181069301707782085e-02
3.917455289665276730e-02
-6.222710365645481127e-03
-2.656570413515976781e-02
-1.584704611558246379e-02
-1.853037487011677817e-03
-3.459878920851620909e-02
3.615751294605593080e-02
-8.242845663616157892e-02
5.726623820756458760e-02
9.528730287581095235e-03
3.047328702079315707e-02
-1.317826027353109428e-02
6.927402802677444515e-02
1.840289246914249624e-02
-3.015738466687248667e-02
8.600553701855689903e-02
-9.269286725399560577e-04
7.378099948885209931e-03
3.643600931751101064e-03
-2.841066537307502041e-03
2.008606598345334671e-02
-1.110774934851439452e-02
3.339716005072146388e-02
